*** Using Compiler 'V5.06 update 7 (build 960)', folder: 'D:\APP\Keil_v5\ARM\ARMCC\Bin'
Rebuild target 'Project'
assembling startup_stm32f10x_md.s...
compiling stm32f10x_bkp.c...
compiling lcd.c...
compiling board.c...
compiling misc.c...
compiling stm32f10x_cec.c...
compiling SPI.c...
compiling main.c...
compiling stm32f10x_can.c...
compiling bsp_uart.c...
compiling test.c...
compiling system_stm32f10x.c...
compiling stm32f10x_adc.c...
compiling touch.c...
compiling stm32f10x_crc.c...
compiling GUI.c...
compiling stm32f10x_dac.c...
compiling stm32f10x_dbgmcu.c...
compiling stm32f10x_gpio.c...
compiling stm32f10x_exti.c...
compiling stm32f10x_iwdg.c...
compiling stm32f10x_i2c.c...
compiling stm32f10x_rtc.c...
compiling stm32f10x_pwr.c...
compiling stm32f10x_wwdg.c...
compiling stm32f10x_dma.c...
compiling stm32f10x_fsmc.c...
compiling stm32f10x_sdio.c...
compiling stm32f10x_rcc.c...
compiling stm32f10x_spi.c...
compiling stm32f10x_flash.c...
compiling stm32f10x_usart.c...
compiling stm32f10x_tim.c...
compiling core_cm3.c...
linking...
Program Size: Code=9228 RO-data=9348 RW-data=64 ZI-data=2064  
FromELF: creating hex file...
".\Objects\Project.axf" - 0 Error(s), 0 Warning(s).
Build Time Elapsed:  00:00:03
